[bbr] 2019/05/01 22:29:13 INFO - Starting restore of pivotal-container-service-9f12962a7f5347f6bbae...
[bbr] 2019/05/01 22:29:13 INFO - Validating backup artifact for pivotal-container-service-9f12962a7f5347f6bbae...
[bbr] 2019/05/01 22:29:13 INFO - Looking for scripts
[bbr] 2019/05/01 22:29:19 INFO - pivotal-container-service/d0e5f309-8ec1-44cf-a95a-2b158ab1ff7a/bbr-uaadb/backup
[bbr] 2019/05/01 22:29:19 INFO - pivotal-container-service/d0e5f309-8ec1-44cf-a95a-2b158ab1ff7a/bbr-uaadb/restore
[bbr] 2019/05/01 22:29:19 INFO - pivotal-container-service/d0e5f309-8ec1-44cf-a95a-2b158ab1ff7a/pks-api/backup
[bbr] 2019/05/01 22:29:19 INFO - pivotal-container-service/d0e5f309-8ec1-44cf-a95a-2b158ab1ff7a/pks-api/post-backup-unlock
[bbr] 2019/05/01 22:29:19 INFO - pivotal-container-service/d0e5f309-8ec1-44cf-a95a-2b158ab1ff7a/pks-api/post-restore-unlock
[bbr] 2019/05/01 22:29:19 INFO - pivotal-container-service/d0e5f309-8ec1-44cf-a95a-2b158ab1ff7a/pks-api/pre-backup-lock
[bbr] 2019/05/01 22:29:19 INFO - pivotal-container-service/d0e5f309-8ec1-44cf-a95a-2b158ab1ff7a/pks-api/pre-restore-lock
[bbr] 2019/05/01 22:29:19 INFO - pivotal-container-service/d0e5f309-8ec1-44cf-a95a-2b158ab1ff7a/pks-api/restore
[bbr] 2019/05/01 22:29:19 INFO - pivotal-container-service/d0e5f309-8ec1-44cf-a95a-2b158ab1ff7a/uaa/post-backup-unlock
[bbr] 2019/05/01 22:29:19 INFO - pivotal-container-service/d0e5f309-8ec1-44cf-a95a-2b158ab1ff7a/uaa/post-restore-unlock
[bbr] 2019/05/01 22:29:19 INFO - pivotal-container-service/d0e5f309-8ec1-44cf-a95a-2b158ab1ff7a/uaa/pre-backup-lock
[bbr] 2019/05/01 22:29:19 INFO - pivotal-container-service/d0e5f309-8ec1-44cf-a95a-2b158ab1ff7a/uaa/pre-restore-lock
[bbr] 2019/05/01 22:29:19 INFO - Copying backup -- 20K uncompressed -- for job pks-api on pivotal-container-service/0...
[bbr] 2019/05/01 22:29:19 INFO - Copying backup -- 52K uncompressed -- for job bbr-uaadb on pivotal-container-service/0...
[bbr] 2019/05/01 22:29:20 INFO - Finished copying backup for job pks-api on pivotal-container-service/0.
[bbr] 2019/05/01 22:29:21 INFO - Finished copying backup for job bbr-uaadb on pivotal-container-service/0.
[bbr] 2019/05/01 22:29:21 INFO - Running pre-restore-lock scripts...
[bbr] 2019/05/01 22:29:21 INFO - Locking uaa on pivotal-container-service/d0e5f309-8ec1-44cf-a95a-2b158ab1ff7a for restore...
[bbr] 2019/05/01 22:29:36 INFO - Finished locking uaa on pivotal-container-service/d0e5f309-8ec1-44cf-a95a-2b158ab1ff7a for restore.
[bbr] 2019/05/01 22:29:36 INFO - Locking pks-api on pivotal-container-service/d0e5f309-8ec1-44cf-a95a-2b158ab1ff7a for restore...
[bbr] 2019/05/01 22:29:51 INFO - Finished locking pks-api on pivotal-container-service/d0e5f309-8ec1-44cf-a95a-2b158ab1ff7a for restore.
[bbr] 2019/05/01 22:29:51 INFO - Finished running pre-restore-lock scripts.
[bbr] 2019/05/01 22:29:51 INFO - Running restore scripts...
[bbr] 2019/05/01 22:29:51 INFO - Restoring bbr-uaadb on pivotal-container-service/d0e5f309-8ec1-44cf-a95a-2b158ab1ff7a...
[bbr] 2019/05/01 22:29:54 INFO - Finished restoring bbr-uaadb on pivotal-container-service/d0e5f309-8ec1-44cf-a95a-2b158ab1ff7a.
[bbr] 2019/05/01 22:29:54 INFO - Restoring pks-api on pivotal-container-service/d0e5f309-8ec1-44cf-a95a-2b158ab1ff7a...
[bbr] 2019/05/01 22:29:54 INFO - Finished restoring pks-api on pivotal-container-service/d0e5f309-8ec1-44cf-a95a-2b158ab1ff7a.
[bbr] 2019/05/01 22:29:54 INFO - Finished running restore scripts.
[bbr] 2019/05/01 22:29:54 INFO - Completed restore of pivotal-container-service-9f12962a7f5347f6bbae
[bbr] 2019/05/01 22:29:54 INFO - Running post-restore-unlock scripts...
[bbr] 2019/05/01 22:29:54 INFO - Unlocking uaa on pivotal-container-service/d0e5f309-8ec1-44cf-a95a-2b158ab1ff7a...
[bbr] 2019/05/01 22:31:06 INFO - Finished unlocking uaa on pivotal-container-service/d0e5f309-8ec1-44cf-a95a-2b158ab1ff7a.
[bbr] 2019/05/01 22:31:06 INFO - Unlocking pks-api on pivotal-container-service/d0e5f309-8ec1-44cf-a95a-2b158ab1ff7a...
[bbr] 2019/05/01 22:32:12 INFO - Finished unlocking pks-api on pivotal-container-service/d0e5f309-8ec1-44cf-a95a-2b158ab1ff7a.
[bbr] 2019/05/01 22:32:12 INFO - Finished running post-restore-unlock scripts.


